1755312121.158278 client started (653): version 3.2a, socket /tmp/tmux-1000/default, protocol 8
1755312121.158387 on Linux 6.2.16 #1-NixOS SMP PREEMPT_DYNAMIC Tue Jan  1 00:00:00 UTC 1980
1755312121.158548 using libevent 2.1.12-stable (poll); ncurses 6.2
1755312121.158634 flags are 0x18010000
1755312121.158656 socket is /tmp/tmux-1000/default
1755312121.158681 trying connect
1755312121.158717 connect failed: Connection refused
1755312121.158743 lock file is /tmp/tmux-1000/default.lock
1755312121.158796 flock succeeded
1755312121.158820 got lock (6)
1755312121.158842 trying connect
1755312121.158891 connect failed: Connection refused
1755312121.159179 add peer 0x1ea5fe0: 7 ((nil))
1755312121.164076 sending message 100 to peer 0x1ea5fe0 (4 bytes)
1755312121.164676 sending message 111 to peer 0x1ea5fe0 (8 bytes)
1755312121.164849 sending message 101 to peer 0x1ea5fe0 (15 bytes)
1755312121.165655 sending message 109 to peer 0x1ea5fe0 (4 bytes)
1755312121.165754 sending message 102 to peer 0x1ea5fe0 (11 bytes)
1755312121.165960 sending message 108 to peer 0x1ea5fe0 (23 bytes)
1755312121.166228 sending message 112 to peer 0x1ea5fe0 (58 bytes)
1755312121.166270 sending message 112 to peer 0x1ea5fe0 (5 bytes)
1755312121.166293 sending message 112 to peer 0x1ea5fe0 (5 bytes)
1755312121.166341 sending message 112 to peer 0x1ea5fe0 (6 bytes)
1755312121.166372 sending message 112 to peer 0x1ea5fe0 (6 bytes)
1755312121.166394 sending message 112 to peer 0x1ea5fe0 (11 bytes)
1755312121.166416 sending message 112 to peer 0x1ea5fe0 (10 bytes)
1755312121.166437 sending message 112 to peer 0x1ea5fe0 (13 bytes)
1755312121.166496 sending message 112 to peer 0x1ea5fe0 (14 bytes)
1755312121.166524 sending message 112 to peer 0x1ea5fe0 (19 bytes)
1755312121.166544 sending message 112 to peer 0x1ea5fe0 (11 bytes)
1755312121.166565 sending message 112 to peer 0x1ea5fe0 (10 bytes)
1755312121.166625 sending message 112 to peer 0x1ea5fe0 (15 bytes)
1755312121.166650 sending message 112 to peer 0x1ea5fe0 (21 bytes)
1755312121.166689 sending message 112 to peer 0x1ea5fe0 (13 bytes)
1755312121.166714 sending message 112 to peer 0x1ea5fe0 (7 bytes)
1755312121.166734 sending message 112 to peer 0x1ea5fe0 (13 bytes)
1755312121.166758 sending message 112 to peer 0x1ea5fe0 (7 bytes)
1755312121.166778 sending message 112 to peer 0x1ea5fe0 (13 bytes)
1755312121.166801 sending message 112 to peer 0x1ea5fe0 (9 bytes)
1755312121.166844 sending message 112 to peer 0x1ea5fe0 (21 bytes)
1755312121.166866 sending message 112 to peer 0x1ea5fe0 (13 bytes)
1755312121.166888 sending message 112 to peer 0x1ea5fe0 (9 bytes)
1755312121.166920 sending message 112 to peer 0x1ea5fe0 (16 bytes)
1755312121.166946 sending message 112 to peer 0x1ea5fe0 (13 bytes)
1755312121.166988 sending message 112 to peer 0x1ea5fe0 (9 bytes)
1755312121.167028 sending message 112 to peer 0x1ea5fe0 (9 bytes)
1755312121.167101 sending message 112 to peer 0x1ea5fe0 (12 bytes)
1755312121.167127 sending message 112 to peer 0x1ea5fe0 (8 bytes)
1755312121.167148 sending message 112 to peer 0x1ea5fe0 (8 bytes)
1755312121.167195 sending message 112 to peer 0x1ea5fe0 (13 bytes)
1755312121.167221 sending message 112 to peer 0x1ea5fe0 (7 bytes)
1755312121.167247 sending message 112 to peer 0x1ea5fe0 (7 bytes)
1755312121.167281 sending message 112 to peer 0x1ea5fe0 (9 bytes)
1755312121.167310 sending message 112 to peer 0x1ea5fe0 (9 bytes)
1755312121.167336 sending message 112 to peer 0x1ea5fe0 (15 bytes)
1755312121.167365 sending message 112 to peer 0x1ea5fe0 (13 bytes)
1755312121.167412 sending message 112 to peer 0x1ea5fe0 (12 bytes)
1755312121.167439 sending message 112 to peer 0x1ea5fe0 (8 bytes)
1755312121.167476 sending message 112 to peer 0x1ea5fe0 (14 bytes)
1755312121.167541 sending message 112 to peer 0x1ea5fe0 (11 bytes)
1755312121.167578 sending message 112 to peer 0x1ea5fe0 (9 bytes)
1755312121.167624 sending message 112 to peer 0x1ea5fe0 (10 bytes)
1755312121.167673 sending message 112 to peer 0x1ea5fe0 (10 bytes)
1755312121.167726 sending message 112 to peer 0x1ea5fe0 (10 bytes)
1755312121.167784 sending message 112 to peer 0x1ea5fe0 (10 bytes)
1755312121.167853 sending message 112 to peer 0x1ea5fe0 (11 bytes)
1755312121.167902 sending message 112 to peer 0x1ea5fe0 (12 bytes)
1755312121.167927 sending message 112 to peer 0x1ea5fe0 (12 bytes)
1755312121.167951 sending message 112 to peer 0x1ea5fe0 (12 bytes)
1755312121.167992 sending message 112 to peer 0x1ea5fe0 (12 bytes)
1755312121.168020 sending message 112 to peer 0x1ea5fe0 (12 bytes)
1755312121.168062 sending message 112 to peer 0x1ea5fe0 (11 bytes)
1755312121.168090 sending message 112 to peer 0x1ea5fe0 (11 bytes)
1755312121.168124 sending message 112 to peer 0x1ea5fe0 (12 bytes)
1755312121.168177 sending message 112 to peer 0x1ea5fe0 (12 bytes)
1755312121.168212 sending message 112 to peer 0x1ea5fe0 (12 bytes)
1755312121.168248 sending message 112 to peer 0x1ea5fe0 (12 bytes)
1755312121.168310 sending message 112 to peer 0x1ea5fe0 (12 bytes)
1755312121.168341 sending message 112 to peer 0x1ea5fe0 (9 bytes)
1755312121.168394 sending message 112 to peer 0x1ea5fe0 (12 bytes)
1755312121.168422 sending message 112 to peer 0x1ea5fe0 (13 bytes)
1755312121.168449 sending message 112 to peer 0x1ea5fe0 (13 bytes)
1755312121.168544 sending message 112 to peer 0x1ea5fe0 (13 bytes)
1755312121.168612 sending message 112 to peer 0x1ea5fe0 (13 bytes)
1755312121.168661 sending message 112 to peer 0x1ea5fe0 (13 bytes)
1755312121.168691 sending message 112 to peer 0x1ea5fe0 (8 bytes)
1755312121.168716 sending message 112 to peer 0x1ea5fe0 (11 bytes)
1755312121.168758 sending message 112 to peer 0x1ea5fe0 (11 bytes)
1755312121.168784 sending message 112 to peer 0x1ea5fe0 (11 bytes)
1755312121.168824 sending message 112 to peer 0x1ea5fe0 (12 bytes)
1755312121.168850 sending message 112 to peer 0x1ea5fe0 (12 bytes)
1755312121.168900 sending message 112 to peer 0x1ea5fe0 (12 bytes)
1755312121.168926 sending message 112 to peer 0x1ea5fe0 (12 bytes)
1755312121.168951 sending message 112 to peer 0x1ea5fe0 (13 bytes)
1755312121.168975 sending message 112 to peer 0x1ea5fe0 (13 bytes)
1755312121.168998 sending message 112 to peer 0x1ea5fe0 (13 bytes)
1755312121.169023 sending message 112 to peer 0x1ea5fe0 (8 bytes)
1755312121.169049 sending message 112 to peer 0x1ea5fe0 (13 bytes)
1755312121.169072 sending message 112 to peer 0x1ea5fe0 (13 bytes)
1755312121.169101 sending message 112 to peer 0x1ea5fe0 (13 bytes)
1755312121.169138 sending message 112 to peer 0x1ea5fe0 (13 bytes)
1755312121.169164 sending message 112 to peer 0x1ea5fe0 (13 bytes)
1755312121.169184 sending message 112 to peer 0x1ea5fe0 (12 bytes)
1755312121.169210 sending message 112 to peer 0x1ea5fe0 (12 bytes)
1755312121.169231 sending message 112 to peer 0x1ea5fe0 (12 bytes)
1755312121.169252 sending message 112 to peer 0x1ea5fe0 (12 bytes)
1755312121.169298 sending message 112 to peer 0x1ea5fe0 (13 bytes)
1755312121.169332 sending message 112 to peer 0x1ea5fe0 (8 bytes)
1755312121.169357 sending message 112 to peer 0x1ea5fe0 (13 bytes)
1755312121.169398 sending message 112 to peer 0x1ea5fe0 (13 bytes)
1755312121.169424 sending message 112 to peer 0x1ea5fe0 (13 bytes)
1755312121.169482 sending message 112 to peer 0x1ea5fe0 (13 bytes)
1755312121.169821 sending message 112 to peer 0x1ea5fe0 (13 bytes)
1755312121.170007 sending message 112 to peer 0x1ea5fe0 (13 bytes)
1755312121.170033 sending message 112 to peer 0x1ea5fe0 (13 bytes)
1755312121.170057 sending message 112 to peer 0x1ea5fe0 (12 bytes)
1755312121.170078 sending message 112 to peer 0x1ea5fe0 (12 bytes)
1755312121.170133 sending message 112 to peer 0x1ea5fe0 (12 bytes)
1755312121.170162 sending message 112 to peer 0x1ea5fe0 (8 bytes)
1755312121.170214 sending message 112 to peer 0x1ea5fe0 (12 bytes)
1755312121.170240 sending message 112 to peer 0x1ea5fe0 (13 bytes)
1755312121.170355 sending message 112 to peer 0x1ea5fe0 (13 bytes)
1755312121.170593 sending message 112 to peer 0x1ea5fe0 (13 bytes)
1755312121.170661 sending message 112 to peer 0x1ea5fe0 (13 bytes)
1755312121.170787 sending message 112 to peer 0x1ea5fe0 (13 bytes)
1755312121.170843 sending message 112 to peer 0x1ea5fe0 (13 bytes)
1755312121.170901 sending message 112 to peer 0x1ea5fe0 (13 bytes)
1755312121.170988 sending message 112 to peer 0x1ea5fe0 (13 bytes)
1755312121.171077 sending message 112 to peer 0x1ea5fe0 (12 bytes)
1755312121.171175 sending message 112 to peer 0x1ea5fe0 (10 bytes)
1755312121.171272 sending message 112 to peer 0x1ea5fe0 (12 bytes)
1755312121.171339 sending message 112 to peer 0x1ea5fe0 (12 bytes)
1755312121.171380 sending message 112 to peer 0x1ea5fe0 (12 bytes)
1755312121.171436 sending message 112 to peer 0x1ea5fe0 (13 bytes)
1755312121.171601 sending message 112 to peer 0x1ea5fe0 (13 bytes)
1755312121.171636 sending message 112 to peer 0x1ea5fe0 (13 bytes)
1755312121.171659 sending message 112 to peer 0x1ea5fe0 (13 bytes)
1755312121.171672 sending message 112 to peer 0x1ea5fe0 (13 bytes)
1755312121.171683 sending message 112 to peer 0x1ea5fe0 (13 bytes)
1755312121.171699 sending message 112 to peer 0x1ea5fe0 (13 bytes)
1755312121.171712 sending message 112 to peer 0x1ea5fe0 (10 bytes)
1755312121.171728 sending message 112 to peer 0x1ea5fe0 (13 bytes)
1755312121.171752 sending message 112 to peer 0x1ea5fe0 (12 bytes)
1755312121.171764 sending message 112 to peer 0x1ea5fe0 (12 bytes)
1755312121.171776 sending message 112 to peer 0x1ea5fe0 (12 bytes)
1755312121.171786 sending message 112 to peer 0x1ea5fe0 (10 bytes)
1755312121.171797 sending message 112 to peer 0x1ea5fe0 (10 bytes)
1755312121.171813 sending message 112 to peer 0x1ea5fe0 (10 bytes)
1755312121.171829 sending message 112 to peer 0x1ea5fe0 (12 bytes)
1755312121.171840 sending message 112 to peer 0x1ea5fe0 (13 bytes)
1755312121.171852 sending message 112 to peer 0x1ea5fe0 (13 bytes)
1755312121.171864 sending message 112 to peer 0x1ea5fe0 (13 bytes)
1755312121.171879 sending message 112 to peer 0x1ea5fe0 (13 bytes)
1755312121.171894 sending message 112 to peer 0x1ea5fe0 (13 bytes)
1755312121.171910 sending message 112 to peer 0x1ea5fe0 (10 bytes)
1755312121.171927 sending message 112 to peer 0x1ea5fe0 (11 bytes)
1755312121.171938 sending message 112 to peer 0x1ea5fe0 (12 bytes)
1755312121.171950 sending message 112 to peer 0x1ea5fe0 (12 bytes)
1755312121.171971 sending message 112 to peer 0x1ea5fe0 (12 bytes)
1755312121.171989 sending message 112 to peer 0x1ea5fe0 (12 bytes)
1755312121.172004 sending message 112 to peer 0x1ea5fe0 (12 bytes)
1755312121.172020 sending message 112 to peer 0x1ea5fe0 (11 bytes)
1755312121.172033 sending message 112 to peer 0x1ea5fe0 (12 bytes)
1755312121.172049 sending message 112 to peer 0x1ea5fe0 (12 bytes)
1755312121.172072 sending message 112 to peer 0x1ea5fe0 (13 bytes)
1755312121.172083 sending message 112 to peer 0x1ea5fe0 (13 bytes)
1755312121.172092 sending message 112 to peer 0x1ea5fe0 (13 bytes)
1755312121.172102 sending message 112 to peer 0x1ea5fe0 (13 bytes)
1755312121.172113 sending message 112 to peer 0x1ea5fe0 (13 bytes)
1755312121.172123 sending message 112 to peer 0x1ea5fe0 (10 bytes)
1755312121.172133 sending message 112 to peer 0x1ea5fe0 (9 bytes)
1755312121.172143 sending message 112 to peer 0x1ea5fe0 (12 bytes)
1755312121.172159 sending message 112 to peer 0x1ea5fe0 (13 bytes)
1755312121.172178 sending message 112 to peer 0x1ea5fe0 (13 bytes)
1755312121.172191 sending message 112 to peer 0x1ea5fe0 (13 bytes)
1755312121.172203 sending message 112 to peer 0x1ea5fe0 (13 bytes)
1755312121.172216 sending message 112 to peer 0x1ea5fe0 (13 bytes)
1755312121.172230 sending message 112 to peer 0x1ea5fe0 (9 bytes)
1755312121.172242 sending message 112 to peer 0x1ea5fe0 (12 bytes)
1755312121.172258 sending message 112 to peer 0x1ea5fe0 (13 bytes)
1755312121.172276 sending message 112 to peer 0x1ea5fe0 (13 bytes)
1755312121.172287 sending message 112 to peer 0x1ea5fe0 (13 bytes)
1755312121.172299 sending message 112 to peer 0x1ea5fe0 (13 bytes)
1755312121.172310 sending message 112 to peer 0x1ea5fe0 (13 bytes)
1755312121.172328 sending message 112 to peer 0x1ea5fe0 (11 bytes)
1755312121.172345 sending message 112 to peer 0x1ea5fe0 (12 bytes)
1755312121.172362 sending message 112 to peer 0x1ea5fe0 (13 bytes)
1755312121.172387 sending message 112 to peer 0x1ea5fe0 (13 bytes)
1755312121.172405 sending message 112 to peer 0x1ea5fe0 (13 bytes)
1755312121.172418 sending message 112 to peer 0x1ea5fe0 (13 bytes)
1755312121.172818 sending message 112 to peer 0x1ea5fe0 (13 bytes)
1755312121.172840 sending message 112 to peer 0x1ea5fe0 (11 bytes)
1755312121.172851 sending message 112 to peer 0x1ea5fe0 (12 bytes)
1755312121.172861 sending message 112 to peer 0x1ea5fe0 (12 bytes)
1755312121.172872 sending message 112 to peer 0x1ea5fe0 (12 bytes)
1755312121.172883 sending message 112 to peer 0x1ea5fe0 (12 bytes)
1755312121.172895 sending message 112 to peer 0x1ea5fe0 (12 bytes)
1755312121.172905 sending message 112 to peer 0x1ea5fe0 (21 bytes)
1755312121.172919 sending message 112 to peer 0x1ea5fe0 (12 bytes)
1755312121.172933 sending message 112 to peer 0x1ea5fe0 (9 bytes)
1755312121.172947 sending message 112 to peer 0x1ea5fe0 (6 bytes)
1755312121.172961 sending message 112 to peer 0x1ea5fe0 (13 bytes)
1755312121.172972 sending message 112 to peer 0x1ea5fe0 (10 bytes)
1755312121.172983 sending message 112 to peer 0x1ea5fe0 (24 bytes)
1755312121.172994 sending message 112 to peer 0x1ea5fe0 (13 bytes)
1755312121.173007 sending message 112 to peer 0x1ea5fe0 (9 bytes)
1755312121.173021 sending message 112 to peer 0x1ea5fe0 (70 bytes)
1755312121.173035 sending message 112 to peer 0x1ea5fe0 (69 bytes)
1755312121.173050 sending message 112 to peer 0x1ea5fe0 (12 bytes)
1755312121.173067 sending message 112 to peer 0x1ea5fe0 (10 bytes)
1755312121.173078 sending message 112 to peer 0x1ea5fe0 (10 bytes)
1755312121.173093 sending message 112 to peer 0x1ea5fe0 (24 bytes)
1755312121.173104 sending message 112 to peer 0x1ea5fe0 (13 bytes)
1755312121.173116 sending message 112 to peer 0x1ea5fe0 (10 bytes)
1755312121.173130 sending message 112 to peer 0x1ea5fe0 (10 bytes)
1755312121.173141 sending message 112 to peer 0x1ea5fe0 (10 bytes)
1755312121.173231 sending message 112 to peer 0x1ea5fe0 (13 bytes)
1755312121.173256 sending message 112 to peer 0x1ea5fe0 (15 bytes)
1755312121.173268 sending message 112 to peer 0x1ea5fe0 (5 bytes)
1755312121.173286 sending message 104 to peer 0x1ea5fe0 (0 bytes)
1755312121.173301 sending message 110 to peer 0x1ea5fe0 (0 bytes)
1755312121.173314 sending message 107 to peer 0x1ea5fe0 (4 bytes)
1755312121.173328 sending message 105 to peer 0x1ea5fe0 (24 bytes)
1755312121.173339 sending message 105 to peer 0x1ea5fe0 (20 bytes)
1755312121.173350 sending message 105 to peer 0x1ea5fe0 (23 bytes)
1755312121.173366 sending message 105 to peer 0x1ea5fe0 (23 bytes)
1755312121.173389 sending message 105 to peer 0x1ea5fe0 (27 bytes)
1755312121.173404 sending message 105 to peer 0x1ea5fe0 (27 bytes)
1755312121.173423 sending message 105 to peer 0x1ea5fe0 (23 bytes)
1755312121.173435 sending message 105 to peer 0x1ea5fe0 (17 bytes)
1755312121.173450 sending message 105 to peer 0x1ea5fe0 (15 bytes)
1755312121.173473 sending message 105 to peer 0x1ea5fe0 (22 bytes)
1755312121.173484 sending message 105 to peer 0x1ea5fe0 (125 bytes)
1755312121.173493 sending message 105 to peer 0x1ea5fe0 (39 bytes)
1755312121.173502 sending message 105 to peer 0x1ea5fe0 (85 bytes)
1755312121.173511 sending message 105 to peer 0x1ea5fe0 (50 bytes)
1755312121.173520 sending message 105 to peer 0x1ea5fe0 (37 bytes)
1755312121.173529 sending message 105 to peer 0x1ea5fe0 (23 bytes)
1755312121.173538 sending message 105 to peer 0x1ea5fe0 (47 bytes)
1755312121.173547 sending message 105 to peer 0x1ea5fe0 (96 bytes)
1755312121.173556 sending message 105 to peer 0x1ea5fe0 (28 bytes)
1755312121.173565 sending message 105 to peer 0x1ea5fe0 (77 bytes)
1755312121.173575 sending message 105 to peer 0x1ea5fe0 (63 bytes)
1755312121.173585 sending message 105 to peer 0x1ea5fe0 (28 bytes)
1755312121.173600 sending message 105 to peer 0x1ea5fe0 (30 bytes)
1755312121.173621 sending message 105 to peer 0x1ea5fe0 (27 bytes)
1755312121.173636 sending message 105 to peer 0x1ea5fe0 (69 bytes)
1755312121.173651 sending message 105 to peer 0x1ea5fe0 (342 bytes)
1755312121.173674 sending message 105 to peer 0x1ea5fe0 (36 bytes)
1755312121.173690 sending message 105 to peer 0x1ea5fe0 (44 bytes)
1755312121.173705 sending message 105 to peer 0x1ea5fe0 (45 bytes)
1755312121.173716 sending message 105 to peer 0x1ea5fe0 (69 bytes)
1755312121.173727 sending message 105 to peer 0x1ea5fe0 (17 bytes)
1755312121.173736 sending message 105 to peer 0x1ea5fe0 (649 bytes)
1755312121.173746 sending message 105 to peer 0x1ea5fe0 (9 bytes)
1755312121.173756 sending message 105 to peer 0x1ea5fe0 (184 bytes)
1755312121.173773 sending message 105 to peer 0x1ea5fe0 (18 bytes)
1755312121.173788 sending message 105 to peer 0x1ea5fe0 (17 bytes)
1755312121.173803 sending message 105 to peer 0x1ea5fe0 (2246 bytes)
1755312121.173839 sending message 105 to peer 0x1ea5fe0 (49 bytes)
1755312121.173857 sending message 105 to peer 0x1ea5fe0 (1917 bytes)
1755312121.173868 sending message 105 to peer 0x1ea5fe0 (83 bytes)
1755312121.173884 sending message 105 to peer 0x1ea5fe0 (31 bytes)
1755312121.173898 sending message 105 to peer 0x1ea5fe0 (42 bytes)
1755312121.173914 sending message 105 to peer 0x1ea5fe0 (83 bytes)
1755312121.173925 sending message 105 to peer 0x1ea5fe0 (56 bytes)
1755312121.173936 sending message 105 to peer 0x1ea5fe0 (95 bytes)
1755312121.173950 sending message 105 to peer 0x1ea5fe0 (45 bytes)
1755312121.173965 sending message 105 to peer 0x1ea5fe0 (41 bytes)
1755312121.173980 sending message 105 to peer 0x1ea5fe0 (21 bytes)
1755312121.173995 sending message 105 to peer 0x1ea5fe0 (23 bytes)
1755312121.174007 sending message 105 to peer 0x1ea5fe0 (28 bytes)
1755312121.174018 sending message 105 to peer 0x1ea5fe0 (53 bytes)
1755312121.174033 sending message 105 to peer 0x1ea5fe0 (88 bytes)
1755312121.174049 sending message 105 to peer 0x1ea5fe0 (189 bytes)
1755312121.174070 sending message 105 to peer 0x1ea5fe0 (20 bytes)
1755312121.174090 sending message 105 to peer 0x1ea5fe0 (21 bytes)
1755312121.174102 sending message 105 to peer 0x1ea5fe0 (79 bytes)
1755312121.174118 sending message 105 to peer 0x1ea5fe0 (18 bytes)
1755312121.174133 sending message 105 to peer 0x1ea5fe0 (12 bytes)
1755312121.174148 sending message 105 to peer 0x1ea5fe0 (76 bytes)
1755312121.174162 sending message 105 to peer 0x1ea5fe0 (33 bytes)
1755312121.174178 sending message 105 to peer 0x1ea5fe0 (34 bytes)
1755312121.174189 sending message 105 to peer 0x1ea5fe0 (11 bytes)
1755312121.174204 sending message 105 to peer 0x1ea5fe0 (8 bytes)
1755312121.174219 sending message 105 to peer 0x1ea5fe0 (29 bytes)
1755312121.174233 sending message 105 to peer 0x1ea5fe0 (26 bytes)
1755312121.174244 sending message 105 to peer 0x1ea5fe0 (20 bytes)
1755312121.174253 sending message 105 to peer 0x1ea5fe0 (33 bytes)
1755312121.174264 sending message 105 to peer 0x1ea5fe0 (23 bytes)
1755312121.174275 sending message 105 to peer 0x1ea5fe0 (17 bytes)
1755312121.174285 sending message 105 to peer 0x1ea5fe0 (83 bytes)
1755312121.174295 sending message 105 to peer 0x1ea5fe0 (46 bytes)
1755312121.174310 sending message 105 to peer 0x1ea5fe0 (28 bytes)
1755312121.174325 sending message 105 to peer 0x1ea5fe0 (17 bytes)
1755312121.174340 sending message 105 to peer 0x1ea5fe0 (30 bytes)
1755312121.174355 sending message 105 to peer 0x1ea5fe0 (76 bytes)
1755312121.174367 sending message 105 to peer 0x1ea5fe0 (208 bytes)
1755312121.174381 sending message 105 to peer 0x1ea5fe0 (115 bytes)
1755312121.174396 sending message 105 to peer 0x1ea5fe0 (28 bytes)
1755312121.174411 sending message 105 to peer 0x1ea5fe0 (588 bytes)
1755312121.174429 sending message 105 to peer 0x1ea5fe0 (52 bytes)
1755312121.174449 sending message 105 to peer 0x1ea5fe0 (50 bytes)
1755312121.174476 sending message 105 to peer 0x1ea5fe0 (20 bytes)
1755312121.174495 sending message 105 to peer 0x1ea5fe0 (8 bytes)
1755312121.174511 sending message 105 to peer 0x1ea5fe0 (26 bytes)
1755312121.174526 sending message 105 to peer 0x1ea5fe0 (23 bytes)
1755312121.174538 sending message 105 to peer 0x1ea5fe0 (58 bytes)
1755312121.174554 sending message 105 to peer 0x1ea5fe0 (750 bytes)
1755312121.174582 sending message 105 to peer 0x1ea5fe0 (20 bytes)
1755312121.174598 sending message 105 to peer 0x1ea5fe0 (13 bytes)
1755312121.174613 sending message 105 to peer 0x1ea5fe0 (65 bytes)
1755312121.174631 sending message 106 to peer 0x1ea5fe0 (0 bytes)
1755312121.174652 sending message 200 to peer 0x1ea5fe0 (4 bytes)
1755312121.174673 client loop enter
1755312121.174745 client_signal: Child exited
1755312121.806957 peer 0x1ea5fe0 message 207
1755312121.806984 sending message 208 to peer 0x1ea5fe0 (0 bytes)
1755312152.342392 client_signal: Window changed
1755312152.342478 sending message 208 to peer 0x1ea5fe0 (0 bytes)
