1755311771.777210 client started (503): version 3.2a, socket /tmp/tmux-1000/default, protocol 8
1755311771.777244 on Linux 6.2.16 #1-NixOS SMP PREEMPT_DYNAMIC Tue Jan  1 00:00:00 UTC 1980
1755311771.777259 using libevent 2.1.12-stable (poll); ncurses 6.2
1755311771.777284 flags are 0x10010000
1755311771.777299 socket is /tmp/tmux-1000/default
1755311771.777324 trying connect
1755311771.777801 add peer 0x12e0940: 6 ((nil))
1755311771.826922 sending message 100 to peer 0x12e0940 (4 bytes)
1755311771.827419 sending message 111 to peer 0x12e0940 (8 bytes)
1755311771.827444 sending message 101 to peer 0x12e0940 (7 bytes)
1755311771.827456 sending message 109 to peer 0x12e0940 (4 bytes)
1755311771.827483 sending message 102 to peer 0x12e0940 (11 bytes)
1755311771.827524 sending message 108 to peer 0x12e0940 (23 bytes)
1755311771.827538 sending message 112 to peer 0x12e0940 (70 bytes)
1755311771.827548 sending message 112 to peer 0x12e0940 (5 bytes)
1755311771.827558 sending message 112 to peer 0x12e0940 (5 bytes)
1755311771.827567 sending message 112 to peer 0x12e0940 (6 bytes)
1755311771.827579 sending message 112 to peer 0x12e0940 (6 bytes)
1755311771.827611 sending message 112 to peer 0x12e0940 (11 bytes)
1755311771.827632 sending message 112 to peer 0x12e0940 (10 bytes)
1755311771.827646 sending message 112 to peer 0x12e0940 (13 bytes)
1755311771.827658 sending message 112 to peer 0x12e0940 (13 bytes)
1755311771.827673 sending message 112 to peer 0x12e0940 (18 bytes)
1755311771.827716 sending message 112 to peer 0x12e0940 (9 bytes)
1755311771.827731 sending message 112 to peer 0x12e0940 (21 bytes)
1755311771.827746 sending message 112 to peer 0x12e0940 (13 bytes)
1755311771.827806 sending message 112 to peer 0x12e0940 (7 bytes)
1755311771.827824 sending message 112 to peer 0x12e0940 (13 bytes)
1755311771.827839 sending message 112 to peer 0x12e0940 (7 bytes)
1755311771.827853 sending message 112 to peer 0x12e0940 (13 bytes)
1755311771.827867 sending message 112 to peer 0x12e0940 (9 bytes)
1755311771.827879 sending message 112 to peer 0x12e0940 (21 bytes)
1755311771.827891 sending message 112 to peer 0x12e0940 (13 bytes)
1755311771.827903 sending message 112 to peer 0x12e0940 (8 bytes)
1755311771.827915 sending message 112 to peer 0x12e0940 (12 bytes)
1755311771.827930 sending message 112 to peer 0x12e0940 (13 bytes)
1755311771.827944 sending message 112 to peer 0x12e0940 (9 bytes)
1755311771.827961 sending message 112 to peer 0x12e0940 (9 bytes)
1755311771.827975 sending message 112 to peer 0x12e0940 (12 bytes)
1755311771.827988 sending message 112 to peer 0x12e0940 (8 bytes)
1755311771.828002 sending message 112 to peer 0x12e0940 (7 bytes)
1755311771.828016 sending message 112 to peer 0x12e0940 (7 bytes)
1755311771.828029 sending message 112 to peer 0x12e0940 (9 bytes)
1755311771.828040 sending message 112 to peer 0x12e0940 (13 bytes)
1755311771.828058 sending message 112 to peer 0x12e0940 (9 bytes)
1755311771.828072 sending message 112 to peer 0x12e0940 (15 bytes)
1755311771.828089 sending message 112 to peer 0x12e0940 (13 bytes)
1755311771.828103 sending message 112 to peer 0x12e0940 (12 bytes)
1755311771.828117 sending message 112 to peer 0x12e0940 (8 bytes)
1755311771.828128 sending message 112 to peer 0x12e0940 (14 bytes)
1755311771.828142 sending message 112 to peer 0x12e0940 (9 bytes)
1755311771.828156 sending message 112 to peer 0x12e0940 (10 bytes)
1755311771.828213 sending message 112 to peer 0x12e0940 (10 bytes)
1755311771.828232 sending message 112 to peer 0x12e0940 (10 bytes)
1755311771.828243 sending message 112 to peer 0x12e0940 (10 bytes)
1755311771.828254 sending message 112 to peer 0x12e0940 (11 bytes)
1755311771.828268 sending message 112 to peer 0x12e0940 (10 bytes)
1755311771.828282 sending message 112 to peer 0x12e0940 (8 bytes)
1755311771.828337 sending message 112 to peer 0x12e0940 (11 bytes)
1755311771.828356 sending message 112 to peer 0x12e0940 (11 bytes)
1755311771.828371 sending message 112 to peer 0x12e0940 (11 bytes)
1755311771.828384 sending message 112 to peer 0x12e0940 (8 bytes)
1755311771.828398 sending message 112 to peer 0x12e0940 (8 bytes)
1755311771.828428 sending message 112 to peer 0x12e0940 (8 bytes)
1755311771.828443 sending message 112 to peer 0x12e0940 (10 bytes)
1755311771.828458 sending message 112 to peer 0x12e0940 (10 bytes)
1755311771.828480 sending message 112 to peer 0x12e0940 (10 bytes)
1755311771.828491 sending message 112 to peer 0x12e0940 (10 bytes)
1755311771.828505 sending message 112 to peer 0x12e0940 (10 bytes)
1755311771.828519 sending message 112 to peer 0x12e0940 (11 bytes)
1755311771.828532 sending message 112 to peer 0x12e0940 (11 bytes)
1755311771.828545 sending message 112 to peer 0x12e0940 (10 bytes)
1755311771.828556 sending message 112 to peer 0x12e0940 (9 bytes)
1755311771.828569 sending message 112 to peer 0x12e0940 (9 bytes)
1755311771.828582 sending message 112 to peer 0x12e0940 (12 bytes)
1755311771.828593 sending message 112 to peer 0x12e0940 (9 bytes)
1755311771.828606 sending message 112 to peer 0x12e0940 (6 bytes)
1755311771.828624 sending message 112 to peer 0x12e0940 (8 bytes)
1755311771.828638 sending message 112 to peer 0x12e0940 (15 bytes)
1755311771.828652 sending message 112 to peer 0x12e0940 (13 bytes)
1755311771.828666 sending message 112 to peer 0x12e0940 (16 bytes)
1755311771.828679 sending message 112 to peer 0x12e0940 (16 bytes)
1755311771.828703 sending message 112 to peer 0x12e0940 (10 bytes)
1755311771.828715 sending message 112 to peer 0x12e0940 (8 bytes)
1755311771.828727 sending message 112 to peer 0x12e0940 (15 bytes)
1755311771.828741 sending message 112 to peer 0x12e0940 (13 bytes)
1755311771.828755 sending message 112 to peer 0x12e0940 (10 bytes)
1755311771.828769 sending message 112 to peer 0x12e0940 (10 bytes)
1755311771.828783 sending message 112 to peer 0x12e0940 (5 bytes)
1755311771.828797 sending message 112 to peer 0x12e0940 (15 bytes)
1755311771.828811 sending message 104 to peer 0x12e0940 (0 bytes)
1755311771.828826 sending message 110 to peer 0x12e0940 (0 bytes)
1755311771.828840 sending message 107 to peer 0x12e0940 (4 bytes)
1755311771.828854 sending message 105 to peer 0x12e0940 (16 bytes)
1755311771.828868 sending message 105 to peer 0x12e0940 (24 bytes)
1755311771.828881 sending message 105 to peer 0x12e0940 (20 bytes)
1755311771.828899 sending message 105 to peer 0x12e0940 (23 bytes)
1755311771.828913 sending message 105 to peer 0x12e0940 (23 bytes)
1755311771.828924 sending message 105 to peer 0x12e0940 (27 bytes)
1755311771.828935 sending message 105 to peer 0x12e0940 (27 bytes)
1755311771.829128 sending message 105 to peer 0x12e0940 (26 bytes)
1755311771.829151 sending message 105 to peer 0x12e0940 (23 bytes)
1755311771.829163 sending message 105 to peer 0x12e0940 (34 bytes)
1755311771.829175 sending message 105 to peer 0x12e0940 (17 bytes)
1755311771.829189 sending message 105 to peer 0x12e0940 (22 bytes)
1755311771.829201 sending message 105 to peer 0x12e0940 (15 bytes)
1755311771.829214 sending message 105 to peer 0x12e0940 (125 bytes)
1755311771.829225 sending message 105 to peer 0x12e0940 (39 bytes)
1755311771.829239 sending message 105 to peer 0x12e0940 (85 bytes)
1755311771.829251 sending message 105 to peer 0x12e0940 (50 bytes)
1755311771.829262 sending message 105 to peer 0x12e0940 (37 bytes)
1755311771.829274 sending message 105 to peer 0x12e0940 (23 bytes)
1755311771.829286 sending message 105 to peer 0x12e0940 (47 bytes)
1755311771.829299 sending message 105 to peer 0x12e0940 (96 bytes)
1755311771.829310 sending message 105 to peer 0x12e0940 (28 bytes)
1755311771.829323 sending message 105 to peer 0x12e0940 (77 bytes)
1755311771.829334 sending message 105 to peer 0x12e0940 (63 bytes)
1755311771.829346 sending message 105 to peer 0x12e0940 (28 bytes)
1755311771.829358 sending message 105 to peer 0x12e0940 (30 bytes)
1755311771.829369 sending message 105 to peer 0x12e0940 (27 bytes)
1755311771.829397 sending message 105 to peer 0x12e0940 (69 bytes)
1755311771.829416 sending message 105 to peer 0x12e0940 (342 bytes)
1755311771.829430 sending message 105 to peer 0x12e0940 (36 bytes)
1755311771.829830 sending message 105 to peer 0x12e0940 (44 bytes)
1755311771.829860 sending message 105 to peer 0x12e0940 (45 bytes)
1755311771.829874 sending message 105 to peer 0x12e0940 (69 bytes)
1755311771.829885 sending message 105 to peer 0x12e0940 (17 bytes)
1755311771.829896 sending message 105 to peer 0x12e0940 (649 bytes)
1755311771.829907 sending message 105 to peer 0x12e0940 (9 bytes)
1755311771.829922 sending message 105 to peer 0x12e0940 (184 bytes)
1755311771.829937 sending message 105 to peer 0x12e0940 (18 bytes)
1755311771.829950 sending message 105 to peer 0x12e0940 (17 bytes)
1755311771.829963 sending message 105 to peer 0x12e0940 (2246 bytes)
1755311771.829987 sending message 105 to peer 0x12e0940 (49 bytes)
1755311771.829999 sending message 105 to peer 0x12e0940 (1917 bytes)
1755311771.830011 sending message 105 to peer 0x12e0940 (83 bytes)
1755311771.830022 sending message 105 to peer 0x12e0940 (31 bytes)
1755311771.830033 sending message 105 to peer 0x12e0940 (42 bytes)
1755311771.830148 sending message 105 to peer 0x12e0940 (83 bytes)
1755311771.830168 sending message 105 to peer 0x12e0940 (56 bytes)
1755311771.830182 sending message 105 to peer 0x12e0940 (95 bytes)
1755311771.830203 sending message 105 to peer 0x12e0940 (45 bytes)
1755311771.830215 sending message 105 to peer 0x12e0940 (41 bytes)
1755311771.830228 sending message 105 to peer 0x12e0940 (21 bytes)
1755311771.830240 sending message 105 to peer 0x12e0940 (23 bytes)
1755311771.830251 sending message 105 to peer 0x12e0940 (28 bytes)
1755311771.830263 sending message 105 to peer 0x12e0940 (53 bytes)
1755311771.830422 sending message 105 to peer 0x12e0940 (88 bytes)
1755311771.830445 sending message 105 to peer 0x12e0940 (189 bytes)
1755311771.830472 sending message 105 to peer 0x12e0940 (12 bytes)
1755311771.830486 sending message 105 to peer 0x12e0940 (21 bytes)
1755311771.830499 sending message 105 to peer 0x12e0940 (79 bytes)
1755311771.830512 sending message 105 to peer 0x12e0940 (18 bytes)
1755311771.830524 sending message 105 to peer 0x12e0940 (12 bytes)
1755311771.830535 sending message 105 to peer 0x12e0940 (76 bytes)
1755311771.830549 sending message 105 to peer 0x12e0940 (13 bytes)
1755311771.830561 sending message 105 to peer 0x12e0940 (33 bytes)
1755311771.830572 sending message 105 to peer 0x12e0940 (34 bytes)
1755311771.830583 sending message 105 to peer 0x12e0940 (11 bytes)
1755311771.830593 sending message 105 to peer 0x12e0940 (8 bytes)
1755311771.830607 sending message 105 to peer 0x12e0940 (26 bytes)
1755311771.830622 sending message 105 to peer 0x12e0940 (29 bytes)
1755311771.830640 sending message 105 to peer 0x12e0940 (20 bytes)
1755311771.830652 sending message 105 to peer 0x12e0940 (33 bytes)
1755311771.830667 sending message 105 to peer 0x12e0940 (23 bytes)
1755311771.830788 sending message 105 to peer 0x12e0940 (17 bytes)
1755311771.830802 sending message 105 to peer 0x12e0940 (83 bytes)
1755311771.830815 sending message 105 to peer 0x12e0940 (46 bytes)
1755311771.830829 sending message 105 to peer 0x12e0940 (28 bytes)
1755311771.830840 sending message 105 to peer 0x12e0940 (17 bytes)
1755311771.830852 sending message 105 to peer 0x12e0940 (30 bytes)
1755311771.830866 sending message 105 to peer 0x12e0940 (89 bytes)
1755311771.830880 sending message 105 to peer 0x12e0940 (208 bytes)
1755311771.830894 sending message 105 to peer 0x12e0940 (115 bytes)
1755311771.830906 sending message 105 to peer 0x12e0940 (28 bytes)
1755311771.830917 sending message 105 to peer 0x12e0940 (588 bytes)
1755311771.830929 sending message 105 to peer 0x12e0940 (52 bytes)
1755311771.830944 sending message 105 to peer 0x12e0940 (50 bytes)
1755311771.830965 sending message 105 to peer 0x12e0940 (20 bytes)
1755311771.830976 sending message 105 to peer 0x12e0940 (8 bytes)
1755311771.830987 sending message 105 to peer 0x12e0940 (26 bytes)
1755311771.830998 sending message 105 to peer 0x12e0940 (23 bytes)
1755311771.831011 sending message 105 to peer 0x12e0940 (58 bytes)
1755311771.831026 sending message 105 to peer 0x12e0940 (750 bytes)
1755311771.831040 sending message 105 to peer 0x12e0940 (20 bytes)
1755311771.831074 sending message 105 to peer 0x12e0940 (13 bytes)
1755311771.831089 sending message 105 to peer 0x12e0940 (18 bytes)
1755311771.831101 sending message 105 to peer 0x12e0940 (65 bytes)
1755311771.831113 sending message 106 to peer 0x12e0940 (0 bytes)
1755311771.831127 sending message 200 to peer 0x12e0940 (4 bytes)
1755311771.831139 client loop enter
1755311771.842415 peer 0x12e0940 message 303
1755311771.842473 open write file 2 -
1755311771.842493 sending message 305 to peer 0x12e0940 (8 bytes)
1755311771.842801 write check file 2
1755311771.842847 peer 0x12e0940 message 304
1755311771.842860 write 58 to file 2
1755311771.842868 peer 0x12e0940 message 203
1755311771.842876 file 2 58 bytes left
1755311771.842894 write check file 2
1755311771.844015 client loop exit
