1755311740.770323 client started (432): version 3.2a, socket /tmp/tmux-1000/default, protocol 8
1755311740.771360 on Linux 6.2.16 #1-NixOS SMP PREEMPT_DYNAMIC Tue Jan  1 00:00:00 UTC 1980
1755311740.771382 using libevent 2.1.12-stable (poll); ncurses 6.2
1755311740.771402 flags are 0x18010000
1755311740.771410 socket is /tmp/tmux-1000/default
1755311740.771429 trying connect
1755311740.771540 connect failed: No such file or directory
1755311740.771564 lock file is /tmp/tmux-1000/default.lock
1755311740.771647 flock succeeded
1755311740.771667 got lock (6)
1755311740.771709 trying connect
1755311740.771756 connect failed: No such file or directory
1755311740.772187 add peer 0x1052940: 7 ((nil))
1755311740.773844 sending message 100 to peer 0x1052940 (4 bytes)
1755311740.773867 sending message 111 to peer 0x1052940 (8 bytes)
1755311740.773878 sending message 101 to peer 0x1052940 (15 bytes)
1755311740.773890 sending message 109 to peer 0x1052940 (4 bytes)
1755311740.773902 sending message 102 to peer 0x1052940 (11 bytes)
1755311740.773913 sending message 108 to peer 0x1052940 (23 bytes)
1755311740.773920 sending message 112 to peer 0x1052940 (58 bytes)
1755311740.773930 sending message 112 to peer 0x1052940 (5 bytes)
1755311740.773942 sending message 112 to peer 0x1052940 (5 bytes)
1755311740.773954 sending message 112 to peer 0x1052940 (6 bytes)
1755311740.773968 sending message 112 to peer 0x1052940 (6 bytes)
1755311740.773981 sending message 112 to peer 0x1052940 (11 bytes)
1755311740.773994 sending message 112 to peer 0x1052940 (10 bytes)
1755311740.774008 sending message 112 to peer 0x1052940 (13 bytes)
1755311740.774020 sending message 112 to peer 0x1052940 (14 bytes)
1755311740.774032 sending message 112 to peer 0x1052940 (19 bytes)
1755311740.774044 sending message 112 to peer 0x1052940 (11 bytes)
1755311740.774052 sending message 112 to peer 0x1052940 (10 bytes)
1755311740.774076 sending message 112 to peer 0x1052940 (15 bytes)
1755311740.774088 sending message 112 to peer 0x1052940 (21 bytes)
1755311740.774097 sending message 112 to peer 0x1052940 (13 bytes)
1755311740.774104 sending message 112 to peer 0x1052940 (7 bytes)
1755311740.774111 sending message 112 to peer 0x1052940 (13 bytes)
1755311740.774118 sending message 112 to peer 0x1052940 (7 bytes)
1755311740.774124 sending message 112 to peer 0x1052940 (13 bytes)
1755311740.774130 sending message 112 to peer 0x1052940 (9 bytes)
1755311740.774136 sending message 112 to peer 0x1052940 (21 bytes)
1755311740.774142 sending message 112 to peer 0x1052940 (13 bytes)
1755311740.774147 sending message 112 to peer 0x1052940 (9 bytes)
1755311740.774153 sending message 112 to peer 0x1052940 (16 bytes)
1755311740.774159 sending message 112 to peer 0x1052940 (13 bytes)
1755311740.774166 sending message 112 to peer 0x1052940 (9 bytes)
1755311740.774173 sending message 112 to peer 0x1052940 (9 bytes)
1755311740.774180 sending message 112 to peer 0x1052940 (12 bytes)
1755311740.774186 sending message 112 to peer 0x1052940 (8 bytes)
1755311740.774192 sending message 112 to peer 0x1052940 (8 bytes)
1755311740.774198 sending message 112 to peer 0x1052940 (13 bytes)
1755311740.774203 sending message 112 to peer 0x1052940 (7 bytes)
1755311740.774210 sending message 112 to peer 0x1052940 (7 bytes)
1755311740.774216 sending message 112 to peer 0x1052940 (9 bytes)
1755311740.774222 sending message 112 to peer 0x1052940 (9 bytes)
1755311740.774228 sending message 112 to peer 0x1052940 (15 bytes)
1755311740.774234 sending message 112 to peer 0x1052940 (13 bytes)
1755311740.774240 sending message 112 to peer 0x1052940 (12 bytes)
1755311740.774246 sending message 112 to peer 0x1052940 (8 bytes)
1755311740.774261 sending message 112 to peer 0x1052940 (14 bytes)
1755311740.774267 sending message 112 to peer 0x1052940 (11 bytes)
1755311740.774274 sending message 112 to peer 0x1052940 (9 bytes)
1755311740.774279 sending message 112 to peer 0x1052940 (10 bytes)
1755311740.774316 sending message 112 to peer 0x1052940 (10 bytes)
1755311740.774324 sending message 112 to peer 0x1052940 (10 bytes)
1755311740.774340 sending message 112 to peer 0x1052940 (10 bytes)
1755311740.774347 sending message 112 to peer 0x1052940 (11 bytes)
1755311740.774354 sending message 112 to peer 0x1052940 (12 bytes)
1755311740.774360 sending message 112 to peer 0x1052940 (12 bytes)
1755311740.774366 sending message 112 to peer 0x1052940 (12 bytes)
1755311740.774373 sending message 112 to peer 0x1052940 (12 bytes)
1755311740.774378 sending message 112 to peer 0x1052940 (12 bytes)
1755311740.774384 sending message 112 to peer 0x1052940 (11 bytes)
1755311740.774390 sending message 112 to peer 0x1052940 (11 bytes)
1755311740.774397 sending message 112 to peer 0x1052940 (12 bytes)
1755311740.774403 sending message 112 to peer 0x1052940 (12 bytes)
1755311740.774409 sending message 112 to peer 0x1052940 (12 bytes)
1755311740.774416 sending message 112 to peer 0x1052940 (12 bytes)
1755311740.774422 sending message 112 to peer 0x1052940 (12 bytes)
1755311740.774428 sending message 112 to peer 0x1052940 (9 bytes)
1755311740.774435 sending message 112 to peer 0x1052940 (12 bytes)
1755311740.774441 sending message 112 to peer 0x1052940 (13 bytes)
1755311740.774447 sending message 112 to peer 0x1052940 (13 bytes)
1755311740.774453 sending message 112 to peer 0x1052940 (13 bytes)
1755311740.774485 sending message 112 to peer 0x1052940 (13 bytes)
1755311740.774498 sending message 112 to peer 0x1052940 (13 bytes)
1755311740.774509 sending message 112 to peer 0x1052940 (8 bytes)
1755311740.774519 sending message 112 to peer 0x1052940 (11 bytes)
1755311740.774530 sending message 112 to peer 0x1052940 (11 bytes)
1755311740.774537 sending message 112 to peer 0x1052940 (11 bytes)
1755311740.774543 sending message 112 to peer 0x1052940 (12 bytes)
1755311740.774549 sending message 112 to peer 0x1052940 (12 bytes)
1755311740.774555 sending message 112 to peer 0x1052940 (12 bytes)
1755311740.774561 sending message 112 to peer 0x1052940 (12 bytes)
1755311740.774568 sending message 112 to peer 0x1052940 (13 bytes)
1755311740.774575 sending message 112 to peer 0x1052940 (13 bytes)
1755311740.774581 sending message 112 to peer 0x1052940 (13 bytes)
1755311740.774587 sending message 112 to peer 0x1052940 (8 bytes)
1755311740.774594 sending message 112 to peer 0x1052940 (13 bytes)
1755311740.774600 sending message 112 to peer 0x1052940 (13 bytes)
1755311740.774606 sending message 112 to peer 0x1052940 (13 bytes)
1755311740.774612 sending message 112 to peer 0x1052940 (13 bytes)
1755311740.774619 sending message 112 to peer 0x1052940 (13 bytes)
1755311740.774625 sending message 112 to peer 0x1052940 (12 bytes)
1755311740.774631 sending message 112 to peer 0x1052940 (12 bytes)
1755311740.774637 sending message 112 to peer 0x1052940 (12 bytes)
1755311740.774642 sending message 112 to peer 0x1052940 (12 bytes)
1755311740.774647 sending message 112 to peer 0x1052940 (13 bytes)
1755311740.774654 sending message 112 to peer 0x1052940 (8 bytes)
1755311740.774660 sending message 112 to peer 0x1052940 (13 bytes)
1755311740.774665 sending message 112 to peer 0x1052940 (13 bytes)
1755311740.774671 sending message 112 to peer 0x1052940 (13 bytes)
1755311740.774677 sending message 112 to peer 0x1052940 (13 bytes)
1755311740.774684 sending message 112 to peer 0x1052940 (13 bytes)
1755311740.774689 sending message 112 to peer 0x1052940 (13 bytes)
1755311740.774695 sending message 112 to peer 0x1052940 (13 bytes)
1755311740.774702 sending message 112 to peer 0x1052940 (12 bytes)
1755311740.774708 sending message 112 to peer 0x1052940 (12 bytes)
1755311740.774714 sending message 112 to peer 0x1052940 (12 bytes)
1755311740.774720 sending message 112 to peer 0x1052940 (8 bytes)
1755311740.774726 sending message 112 to peer 0x1052940 (12 bytes)
1755311740.774733 sending message 112 to peer 0x1052940 (13 bytes)
1755311740.774739 sending message 112 to peer 0x1052940 (13 bytes)
1755311740.774745 sending message 112 to peer 0x1052940 (13 bytes)
1755311740.774750 sending message 112 to peer 0x1052940 (13 bytes)
1755311740.774756 sending message 112 to peer 0x1052940 (13 bytes)
1755311740.774763 sending message 112 to peer 0x1052940 (13 bytes)
1755311740.774775 sending message 112 to peer 0x1052940 (13 bytes)
1755311740.774781 sending message 112 to peer 0x1052940 (13 bytes)
1755311740.774787 sending message 112 to peer 0x1052940 (12 bytes)
1755311740.774794 sending message 112 to peer 0x1052940 (10 bytes)
1755311740.774799 sending message 112 to peer 0x1052940 (12 bytes)
1755311740.774807 sending message 112 to peer 0x1052940 (12 bytes)
1755311740.774812 sending message 112 to peer 0x1052940 (12 bytes)
1755311740.774819 sending message 112 to peer 0x1052940 (13 bytes)
1755311740.774828 sending message 112 to peer 0x1052940 (13 bytes)
1755311740.774834 sending message 112 to peer 0x1052940 (13 bytes)
1755311740.774841 sending message 112 to peer 0x1052940 (13 bytes)
1755311740.774847 sending message 112 to peer 0x1052940 (13 bytes)
1755311740.774854 sending message 112 to peer 0x1052940 (13 bytes)
1755311740.774860 sending message 112 to peer 0x1052940 (13 bytes)
1755311740.774880 sending message 112 to peer 0x1052940 (10 bytes)
1755311740.774903 sending message 112 to peer 0x1052940 (13 bytes)
1755311740.774915 sending message 112 to peer 0x1052940 (12 bytes)
1755311740.774937 sending message 112 to peer 0x1052940 (12 bytes)
1755311740.774951 sending message 112 to peer 0x1052940 (12 bytes)
1755311740.774958 sending message 112 to peer 0x1052940 (10 bytes)
1755311740.774965 sending message 112 to peer 0x1052940 (10 bytes)
1755311740.774971 sending message 112 to peer 0x1052940 (10 bytes)
1755311740.774980 sending message 112 to peer 0x1052940 (12 bytes)
1755311740.774986 sending message 112 to peer 0x1052940 (13 bytes)
1755311740.774993 sending message 112 to peer 0x1052940 (13 bytes)
1755311740.774999 sending message 112 to peer 0x1052940 (13 bytes)
1755311740.775005 sending message 112 to peer 0x1052940 (13 bytes)
1755311740.775011 sending message 112 to peer 0x1052940 (13 bytes)
1755311740.775018 sending message 112 to peer 0x1052940 (10 bytes)
1755311740.775026 sending message 112 to peer 0x1052940 (11 bytes)
1755311740.775031 sending message 112 to peer 0x1052940 (12 bytes)
1755311740.775037 sending message 112 to peer 0x1052940 (12 bytes)
1755311740.775043 sending message 112 to peer 0x1052940 (12 bytes)
1755311740.775049 sending message 112 to peer 0x1052940 (12 bytes)
1755311740.775058 sending message 112 to peer 0x1052940 (12 bytes)
1755311740.775064 sending message 112 to peer 0x1052940 (11 bytes)
1755311740.775082 sending message 112 to peer 0x1052940 (12 bytes)
1755311740.775088 sending message 112 to peer 0x1052940 (12 bytes)
1755311740.775094 sending message 112 to peer 0x1052940 (13 bytes)
1755311740.775100 sending message 112 to peer 0x1052940 (13 bytes)
1755311740.775106 sending message 112 to peer 0x1052940 (13 bytes)
1755311740.775122 sending message 112 to peer 0x1052940 (13 bytes)
1755311740.775129 sending message 112 to peer 0x1052940 (13 bytes)
1755311740.775135 sending message 112 to peer 0x1052940 (10 bytes)
1755311740.775140 sending message 112 to peer 0x1052940 (9 bytes)
1755311740.775148 sending message 112 to peer 0x1052940 (12 bytes)
1755311740.775155 sending message 112 to peer 0x1052940 (13 bytes)
1755311740.775161 sending message 112 to peer 0x1052940 (13 bytes)
1755311740.775167 sending message 112 to peer 0x1052940 (13 bytes)
1755311740.775173 sending message 112 to peer 0x1052940 (13 bytes)
1755311740.775179 sending message 112 to peer 0x1052940 (13 bytes)
1755311740.775186 sending message 112 to peer 0x1052940 (9 bytes)
1755311740.775194 sending message 112 to peer 0x1052940 (12 bytes)
1755311740.775200 sending message 112 to peer 0x1052940 (13 bytes)
1755311740.775207 sending message 112 to peer 0x1052940 (13 bytes)
1755311740.775213 sending message 112 to peer 0x1052940 (13 bytes)
1755311740.775219 sending message 112 to peer 0x1052940 (13 bytes)
1755311740.775227 sending message 112 to peer 0x1052940 (13 bytes)
1755311740.775233 sending message 112 to peer 0x1052940 (11 bytes)
1755311740.775239 sending message 112 to peer 0x1052940 (12 bytes)
1755311740.775247 sending message 112 to peer 0x1052940 (13 bytes)
1755311740.775259 sending message 112 to peer 0x1052940 (13 bytes)
1755311740.775269 sending message 112 to peer 0x1052940 (13 bytes)
1755311740.775274 sending message 112 to peer 0x1052940 (13 bytes)
1755311740.775299 sending message 112 to peer 0x1052940 (13 bytes)
1755311740.775312 sending message 112 to peer 0x1052940 (11 bytes)
1755311740.775319 sending message 112 to peer 0x1052940 (12 bytes)
1755311740.775326 sending message 112 to peer 0x1052940 (12 bytes)
1755311740.775332 sending message 112 to peer 0x1052940 (12 bytes)
1755311740.775338 sending message 112 to peer 0x1052940 (12 bytes)
1755311740.775346 sending message 112 to peer 0x1052940 (12 bytes)
1755311740.775352 sending message 112 to peer 0x1052940 (21 bytes)
1755311740.775358 sending message 112 to peer 0x1052940 (12 bytes)
1755311740.775365 sending message 112 to peer 0x1052940 (9 bytes)
1755311740.775371 sending message 112 to peer 0x1052940 (6 bytes)
1755311740.775377 sending message 112 to peer 0x1052940 (13 bytes)
1755311740.775384 sending message 112 to peer 0x1052940 (10 bytes)
1755311740.775390 sending message 112 to peer 0x1052940 (24 bytes)
1755311740.775397 sending message 112 to peer 0x1052940 (13 bytes)
1755311740.775403 sending message 112 to peer 0x1052940 (9 bytes)
1755311740.775411 sending message 112 to peer 0x1052940 (70 bytes)
1755311740.775416 sending message 112 to peer 0x1052940 (69 bytes)
1755311740.775424 sending message 112 to peer 0x1052940 (12 bytes)
1755311740.775429 sending message 112 to peer 0x1052940 (10 bytes)
1755311740.775435 sending message 112 to peer 0x1052940 (10 bytes)
1755311740.775442 sending message 112 to peer 0x1052940 (24 bytes)
1755311740.775448 sending message 112 to peer 0x1052940 (13 bytes)
1755311740.775453 sending message 112 to peer 0x1052940 (10 bytes)
1755311740.775522 sending message 112 to peer 0x1052940 (10 bytes)
1755311740.775537 sending message 112 to peer 0x1052940 (10 bytes)
1755311740.775544 sending message 112 to peer 0x1052940 (13 bytes)
1755311740.775550 sending message 112 to peer 0x1052940 (15 bytes)
1755311740.775559 sending message 112 to peer 0x1052940 (5 bytes)
1755311740.775566 sending message 104 to peer 0x1052940 (0 bytes)
1755311740.775573 sending message 110 to peer 0x1052940 (0 bytes)
1755311740.775579 sending message 107 to peer 0x1052940 (4 bytes)
1755311740.775586 sending message 105 to peer 0x1052940 (24 bytes)
1755311740.775592 sending message 105 to peer 0x1052940 (20 bytes)
1755311740.775598 sending message 105 to peer 0x1052940 (23 bytes)
1755311740.775605 sending message 105 to peer 0x1052940 (23 bytes)
1755311740.775611 sending message 105 to peer 0x1052940 (27 bytes)
1755311740.775618 sending message 105 to peer 0x1052940 (27 bytes)
1755311740.775627 sending message 105 to peer 0x1052940 (23 bytes)
1755311740.775633 sending message 105 to peer 0x1052940 (15 bytes)
1755311740.775639 sending message 105 to peer 0x1052940 (22 bytes)
1755311740.775646 sending message 105 to peer 0x1052940 (125 bytes)
1755311740.775652 sending message 105 to peer 0x1052940 (39 bytes)
1755311740.775661 sending message 105 to peer 0x1052940 (85 bytes)
1755311740.775667 sending message 105 to peer 0x1052940 (50 bytes)
1755311740.775673 sending message 105 to peer 0x1052940 (37 bytes)
1755311740.775680 sending message 105 to peer 0x1052940 (23 bytes)
1755311740.775687 sending message 105 to peer 0x1052940 (47 bytes)
1755311740.775695 sending message 105 to peer 0x1052940 (96 bytes)
1755311740.775701 sending message 105 to peer 0x1052940 (77 bytes)
1755311740.775706 sending message 105 to peer 0x1052940 (63 bytes)
1755311740.775712 sending message 105 to peer 0x1052940 (28 bytes)
1755311740.775720 sending message 105 to peer 0x1052940 (30 bytes)
1755311740.775726 sending message 105 to peer 0x1052940 (27 bytes)
1755311740.775732 sending message 105 to peer 0x1052940 (69 bytes)
1755311740.775738 sending message 105 to peer 0x1052940 (342 bytes)
1755311740.775744 sending message 105 to peer 0x1052940 (36 bytes)
1755311740.775752 sending message 105 to peer 0x1052940 (44 bytes)
1755311740.775763 sending message 105 to peer 0x1052940 (45 bytes)
1755311740.775770 sending message 105 to peer 0x1052940 (69 bytes)
1755311740.775776 sending message 105 to peer 0x1052940 (649 bytes)
1755311740.775784 sending message 105 to peer 0x1052940 (184 bytes)
1755311740.775790 sending message 105 to peer 0x1052940 (18 bytes)
1755311740.775796 sending message 105 to peer 0x1052940 (17 bytes)
1755311740.775803 sending message 105 to peer 0x1052940 (2246 bytes)
1755311740.775817 sending message 105 to peer 0x1052940 (49 bytes)
1755311740.775826 sending message 105 to peer 0x1052940 (1917 bytes)
1755311740.775835 sending message 105 to peer 0x1052940 (83 bytes)
1755311740.775842 sending message 105 to peer 0x1052940 (31 bytes)
1755311740.775848 sending message 105 to peer 0x1052940 (42 bytes)
1755311740.775856 sending message 105 to peer 0x1052940 (83 bytes)
1755311740.775863 sending message 105 to peer 0x1052940 (56 bytes)
1755311740.775869 sending message 105 to peer 0x1052940 (95 bytes)
1755311740.775875 sending message 105 to peer 0x1052940 (45 bytes)
1755311740.775881 sending message 105 to peer 0x1052940 (21 bytes)
1755311740.775888 sending message 105 to peer 0x1052940 (23 bytes)
1755311740.775894 sending message 105 to peer 0x1052940 (28 bytes)
1755311740.775900 sending message 105 to peer 0x1052940 (53 bytes)
1755311740.775906 sending message 105 to peer 0x1052940 (88 bytes)
1755311740.775914 sending message 105 to peer 0x1052940 (189 bytes)
1755311740.775921 sending message 105 to peer 0x1052940 (20 bytes)
1755311740.775927 sending message 105 to peer 0x1052940 (21 bytes)
1755311740.775934 sending message 105 to peer 0x1052940 (79 bytes)
1755311740.775940 sending message 105 to peer 0x1052940 (18 bytes)
1755311740.775946 sending message 105 to peer 0x1052940 (12 bytes)
1755311740.775952 sending message 105 to peer 0x1052940 (76 bytes)
1755311740.775959 sending message 105 to peer 0x1052940 (33 bytes)
1755311740.775965 sending message 105 to peer 0x1052940 (34 bytes)
1755311740.775971 sending message 105 to peer 0x1052940 (11 bytes)
1755311740.775977 sending message 105 to peer 0x1052940 (8 bytes)
1755311740.775986 sending message 105 to peer 0x1052940 (29 bytes)
1755311740.775992 sending message 105 to peer 0x1052940 (26 bytes)
1755311740.775998 sending message 105 to peer 0x1052940 (33 bytes)
1755311740.776005 sending message 105 to peer 0x1052940 (23 bytes)
1755311740.776011 sending message 105 to peer 0x1052940 (17 bytes)
1755311740.776018 sending message 105 to peer 0x1052940 (83 bytes)
1755311740.776024 sending message 105 to peer 0x1052940 (46 bytes)
1755311740.776030 sending message 105 to peer 0x1052940 (28 bytes)
1755311740.776039 sending message 105 to peer 0x1052940 (17 bytes)
1755311740.776045 sending message 105 to peer 0x1052940 (30 bytes)
1755311740.776051 sending message 105 to peer 0x1052940 (76 bytes)
1755311740.776062 sending message 105 to peer 0x1052940 (84 bytes)
1755311740.776068 sending message 105 to peer 0x1052940 (115 bytes)
1755311740.776077 sending message 105 to peer 0x1052940 (28 bytes)
1755311740.776083 sending message 105 to peer 0x1052940 (530 bytes)
1755311740.776089 sending message 105 to peer 0x1052940 (52 bytes)
1755311740.776097 sending message 105 to peer 0x1052940 (50 bytes)
1755311740.776104 sending message 105 to peer 0x1052940 (20 bytes)
1755311740.776110 sending message 105 to peer 0x1052940 (26 bytes)
1755311740.776116 sending message 105 to peer 0x1052940 (23 bytes)
1755311740.776122 sending message 105 to peer 0x1052940 (58 bytes)
1755311740.776128 sending message 105 to peer 0x1052940 (750 bytes)
1755311740.776134 sending message 105 to peer 0x1052940 (20 bytes)
1755311740.776142 sending message 105 to peer 0x1052940 (65 bytes)
1755311740.776148 sending message 106 to peer 0x1052940 (0 bytes)
1755311740.776157 sending message 200 to peer 0x1052940 (4 bytes)
1755311740.776164 client loop enter
1755311740.776206 client_signal: Child exited
1755311741.316848 peer 0x1052940 message 207
1755311741.316880 sending message 208 to peer 0x1052940 (0 bytes)
1755312087.661212 peer 0x1052940 message 203
1755312087.661248 sending message 205 to peer 0x1052940 (0 bytes)
1755312087.669647 peer 0x1052940 message 204
1755312087.669705 client loop exit
